2025-03-14 00:19:56,694 - comments - ERROR - Error getting comments: (sqlite3.OperationalError) no such table: articles
[SQL: SELECT articles.id AS articles_id, articles.title AS articles_title, articles.slug AS articles_slug, articles.content AS articles_content, articles.summary AS articles_summary, articles.meta_title AS articles_meta_title, articles.meta_description AS articles_meta_description, articles.keywords AS articles_keywords, articles.status AS articles_status, articles.is_featured AS articles_is_featured, articles.allow_comments AS articles_allow_comments, articles.created_at AS articles_created_at, articles.updated_at AS articles_updated_at, articles.published_at AS articles_published_at, articles.author_id AS articles_author_id, articles.category_id AS articles_category_id, articles.view_count AS articles_view_count, articles.comment_count AS articles_comment_count, articles.like_count AS articles_like_count 
FROM articles 
WHERE articles.id = ?
 LIMIT ? OFFSET ?]
[parameters: (1, 1, 0)]
(Background on this error at: https://sqlalche.me/e/20/e3q8)
Traceback (most recent call last):
  File "/Users/sunguochao/Documents/Development/cursor/demo2/venv/lib/python3.10/site-packages/sqlalchemy/engine/base.py", line 1964, in _exec_single_context
    self.dialect.do_execute(
  File "/Users/sunguochao/Documents/Development/cursor/demo2/venv/lib/python3.10/site-packages/sqlalchemy/engine/default.py", line 942, in do_execute
    cursor.execute(statement, parameters)
sqlite3.OperationalError: no such table: articles

The above exception was the direct cause of the following exception:

Traceback (most recent call last):
  File "/Users/sunguochao/Documents/Development/cursor/demo2/backend/app/api/comments.py", line 88, in get_article_comments
    article = db.query(Article).filter(Article.id == article_id).first()
  File "/Users/sunguochao/Documents/Development/cursor/demo2/venv/lib/python3.10/site-packages/sqlalchemy/orm/query.py", line 2759, in first
    return self.limit(1)._iter().first()  # type: ignore
  File "/Users/sunguochao/Documents/Development/cursor/demo2/venv/lib/python3.10/site-packages/sqlalchemy/orm/query.py", line 2858, in _iter
    result: Union[ScalarResult[_T], Result[_T]] = self.session.execute(
  File "/Users/sunguochao/Documents/Development/cursor/demo2/venv/lib/python3.10/site-packages/sqlalchemy/orm/session.py", line 2365, in execute
    return self._execute_internal(
  File "/Users/sunguochao/Documents/Development/cursor/demo2/venv/lib/python3.10/site-packages/sqlalchemy/orm/session.py", line 2251, in _execute_internal
    result: Result[Any] = compile_state_cls.orm_execute_statement(
  File "/Users/sunguochao/Documents/Development/cursor/demo2/venv/lib/python3.10/site-packages/sqlalchemy/orm/context.py", line 306, in orm_execute_statement
    result = conn.execute(
  File "/Users/sunguochao/Documents/Development/cursor/demo2/venv/lib/python3.10/site-packages/sqlalchemy/engine/base.py", line 1416, in execute
    return meth(
  File "/Users/sunguochao/Documents/Development/cursor/demo2/venv/lib/python3.10/site-packages/sqlalchemy/sql/elements.py", line 523, in _execute_on_connection
    return connection._execute_clauseelement(
  File "/Users/sunguochao/Documents/Development/cursor/demo2/venv/lib/python3.10/site-packages/sqlalchemy/engine/base.py", line 1638, in _execute_clauseelement
    ret = self._execute_context(
  File "/Users/sunguochao/Documents/Development/cursor/demo2/venv/lib/python3.10/site-packages/sqlalchemy/engine/base.py", line 1843, in _execute_context
    return self._exec_single_context(
  File "/Users/sunguochao/Documents/Development/cursor/demo2/venv/lib/python3.10/site-packages/sqlalchemy/engine/base.py", line 1983, in _exec_single_context
    self._handle_dbapi_exception(
  File "/Users/sunguochao/Documents/Development/cursor/demo2/venv/lib/python3.10/site-packages/sqlalchemy/engine/base.py", line 2352, in _handle_dbapi_exception
    raise sqlalchemy_exception.with_traceback(exc_info[2]) from e
  File "/Users/sunguochao/Documents/Development/cursor/demo2/venv/lib/python3.10/site-packages/sqlalchemy/engine/base.py", line 1964, in _exec_single_context
    self.dialect.do_execute(
  File "/Users/sunguochao/Documents/Development/cursor/demo2/venv/lib/python3.10/site-packages/sqlalchemy/engine/default.py", line 942, in do_execute
    cursor.execute(statement, parameters)
sqlalchemy.exc.OperationalError: (sqlite3.OperationalError) no such table: articles
[SQL: SELECT articles.id AS articles_id, articles.title AS articles_title, articles.slug AS articles_slug, articles.content AS articles_content, articles.summary AS articles_summary, articles.meta_title AS articles_meta_title, articles.meta_description AS articles_meta_description, articles.keywords AS articles_keywords, articles.status AS articles_status, articles.is_featured AS articles_is_featured, articles.allow_comments AS articles_allow_comments, articles.created_at AS articles_created_at, articles.updated_at AS articles_updated_at, articles.published_at AS articles_published_at, articles.author_id AS articles_author_id, articles.category_id AS articles_category_id, articles.view_count AS articles_view_count, articles.comment_count AS articles_comment_count, articles.like_count AS articles_like_count 
FROM articles 
WHERE articles.id = ?
 LIMIT ? OFFSET ?]
[parameters: (1, 1, 0)]
(Background on this error at: https://sqlalche.me/e/20/e3q8)
2025-03-14 00:22:45,809 - comments - INFO - Comment created successfully: 1
2025-03-14 00:22:46,837 - comments - INFO - Comment deleted successfully: 1
2025-03-14 00:23:38,821 - comments - INFO - Comment created successfully: 1
2025-03-14 00:23:39,326 - comments - INFO - Comment approved successfully: 1
2025-03-14 00:23:39,576 - comments - INFO - Comment marked as spam successfully: 1
2025-03-14 00:23:39,828 - comments - INFO - Comment deleted successfully: 1
2025-03-14 00:24:20,204 - comments - INFO - Comment created successfully: 1
2025-03-14 00:24:20,704 - comments - INFO - Comment approved successfully: 1
2025-03-14 00:24:20,956 - comments - INFO - Comment marked as spam successfully: 1
2025-03-14 00:24:21,213 - comments - INFO - Comment deleted successfully: 1
2025-03-14 00:25:00,288 - comments - INFO - Comment created successfully: 1
2025-03-14 00:25:00,794 - comments - INFO - Comment approved successfully: 1
2025-03-14 00:25:01,044 - comments - INFO - Comment marked as spam successfully: 1
2025-03-14 00:25:01,293 - comments - INFO - Comment deleted successfully: 1
2025-03-14 00:25:43,529 - comments - INFO - Comment created successfully: 1
2025-03-14 00:25:44,031 - comments - INFO - Comment approved successfully: 1
2025-03-14 00:25:44,282 - comments - INFO - Comment marked as spam successfully: 1
2025-03-14 00:25:44,528 - comments - INFO - Comment deleted successfully: 1
2025-03-14 00:26:33,524 - comments - INFO - Comment created successfully: 1
2025-03-14 00:26:34,028 - comments - INFO - Comment approved successfully: 1
2025-03-14 00:26:34,277 - comments - INFO - Comment marked as spam successfully: 1
2025-03-14 00:26:34,525 - comments - INFO - Comment deleted successfully: 1
2025-03-14 00:31:36,608 - comments - INFO - Comment created successfully: 1
2025-03-14 00:31:37,116 - comments - INFO - Comment approved successfully: 1
2025-03-14 00:31:37,365 - comments - INFO - Comment marked as spam successfully: 1
2025-03-14 00:31:37,614 - comments - INFO - Comment deleted successfully: 1
2025-03-14 00:41:03,086 - comments - INFO - Comment created successfully: 1
2025-03-14 00:41:03,579 - comments - INFO - Comment approved successfully: 1
2025-03-14 00:41:03,827 - comments - INFO - Comment marked as spam successfully: 1
2025-03-14 00:41:04,080 - comments - INFO - Comment deleted successfully: 1
2025-03-14 00:47:05,637 - comments - INFO - Comment created successfully: 1
2025-03-14 00:47:06,135 - comments - INFO - Comment approved successfully: 1
2025-03-14 00:47:06,383 - comments - INFO - Comment marked as spam successfully: 1
2025-03-14 00:47:06,630 - comments - INFO - Comment deleted successfully: 1
2025-03-14 00:52:57,242 - comments - INFO - Comment created successfully: 1
2025-03-14 00:52:57,748 - comments - INFO - Comment approved successfully: 1
2025-03-14 00:52:58,011 - comments - INFO - Comment marked as spam successfully: 1
2025-03-14 00:52:58,267 - comments - INFO - Comment deleted successfully: 1
2025-03-14 00:55:35,778 - comments - INFO - Comment created successfully: 1
2025-03-14 00:55:36,277 - comments - INFO - Comment approved successfully: 1
2025-03-14 00:55:36,526 - comments - INFO - Comment marked as spam successfully: 1
2025-03-14 00:55:36,774 - comments - INFO - Comment deleted successfully: 1
2025-03-14 01:01:50,416 - comments - INFO - Comment created successfully: 1
2025-03-14 01:01:50,918 - comments - INFO - Comment approved successfully: 1
2025-03-14 01:01:51,170 - comments - INFO - Comment marked as spam successfully: 1
2025-03-14 01:01:51,421 - comments - INFO - Comment deleted successfully: 1
2025-03-14 01:05:52,958 - comments - INFO - Comment created successfully: 1
2025-03-14 01:05:53,460 - comments - INFO - Comment approved successfully: 1
2025-03-14 01:05:53,709 - comments - INFO - Comment marked as spam successfully: 1
2025-03-14 01:05:53,958 - comments - INFO - Comment deleted successfully: 1
2025-03-14 01:10:28,151 - comments - INFO - Comment created successfully: 1
2025-03-14 01:10:28,735 - comments - INFO - Comment approved successfully: 1
2025-03-14 01:10:28,984 - comments - INFO - Comment marked as spam successfully: 1
2025-03-14 01:10:29,288 - comments - INFO - Comment deleted successfully: 1
2025-03-14 01:13:27,224 - comments - INFO - Comment created successfully: 1
2025-03-14 01:13:27,730 - comments - INFO - Comment approved successfully: 1
2025-03-14 01:13:27,980 - comments - INFO - Comment marked as spam successfully: 1
2025-03-14 01:13:28,229 - comments - INFO - Comment deleted successfully: 1
2025-03-14 01:15:17,561 - comments - INFO - Comment created successfully: 1
2025-03-14 01:15:18,062 - comments - INFO - Comment approved successfully: 1
2025-03-14 01:15:18,324 - comments - INFO - Comment marked as spam successfully: 1
2025-03-14 01:15:18,573 - comments - INFO - Comment deleted successfully: 1
2025-03-14 01:18:47,768 - comments - INFO - Comment created successfully: 1
2025-03-14 01:18:48,293 - comments - INFO - Comment approved successfully: 1
2025-03-14 01:18:48,543 - comments - INFO - Comment marked as spam successfully: 1
2025-03-14 01:18:48,796 - comments - INFO - Comment deleted successfully: 1
2025-03-14 01:20:18,858 - comments - INFO - Comment created successfully: 1
2025-03-14 01:20:19,358 - comments - INFO - Comment approved successfully: 1
2025-03-14 01:20:19,607 - comments - INFO - Comment marked as spam successfully: 1
2025-03-14 01:20:19,854 - comments - INFO - Comment deleted successfully: 1
2025-03-14 01:23:05,175 - comments - INFO - Comment created successfully: 1
2025-03-14 01:23:05,676 - comments - INFO - Comment approved successfully: 1
2025-03-14 01:23:05,925 - comments - INFO - Comment marked as spam successfully: 1
2025-03-14 01:23:06,174 - comments - INFO - Comment deleted successfully: 1
2025-03-14 01:24:02,713 - comments - INFO - Comment created successfully: 1
2025-03-14 01:24:03,218 - comments - INFO - Comment approved successfully: 1
2025-03-14 01:24:03,467 - comments - INFO - Comment marked as spam successfully: 1
2025-03-14 01:24:03,720 - comments - INFO - Comment deleted successfully: 1
2025-03-14 01:25:35,949 - comments - INFO - Comment created successfully: 1
2025-03-14 01:25:36,454 - comments - INFO - Comment approved successfully: 1
2025-03-14 01:25:36,705 - comments - INFO - Comment marked as spam successfully: 1
2025-03-14 01:25:36,954 - comments - INFO - Comment deleted successfully: 1
2025-03-14 01:34:14,849 - comments - INFO - Comment created successfully: 1
2025-03-14 01:34:15,345 - comments - INFO - Comment approved successfully: 1
2025-03-14 01:34:15,594 - comments - INFO - Comment marked as spam successfully: 1
2025-03-14 01:34:15,841 - comments - INFO - Comment deleted successfully: 1
2025-03-14 02:14:35,226 - comments - INFO - Comment created successfully: 1
2025-03-14 02:14:35,723 - comments - INFO - Comment approved successfully: 1
2025-03-14 02:14:35,979 - comments - INFO - Comment marked as spam successfully: 1
2025-03-14 02:14:36,228 - comments - INFO - Comment deleted successfully: 1
