2025-03-13 19:47:22,490 - users - INFO - Searching users with query: username='' email='' department='' role='', skip: 0, limit: 10
2025-03-13 19:47:22,530 - users - INFO - Found 1 users out of 1 total matches
2025-03-13 19:47:27,347 - users - INFO - Searching users with query: username='' email='' department='' role='', skip: 0, limit: 10
2025-03-13 19:47:27,351 - users - INFO - Found 1 users out of 1 total matches
2025-03-13 19:47:49,697 - users - INFO - Searching users with query: username='' email='' department='' role='', skip: 0, limit: 10
2025-03-13 19:47:49,729 - users - INFO - Found 1 users out of 1 total matches
2025-03-13 19:47:50,392 - users - INFO - Searching users with query: username='' email='' department='' role='', skip: 0, limit: 10
2025-03-13 19:47:50,394 - users - INFO - Found 1 users out of 1 total matches
2025-03-13 19:47:50,610 - users - INFO - Searching users with query: username='' email='' department='' role='', skip: 0, limit: 10
2025-03-13 19:47:50,612 - users - INFO - Found 1 users out of 1 total matches
2025-03-13 19:47:53,491 - users - INFO - Searching users with query: username='' email='' department='' role='', skip: 0, limit: 10
2025-03-13 19:47:53,494 - users - INFO - Found 1 users out of 1 total matches
2025-03-13 19:49:15,067 - users - INFO - Searching users with query: username='' email='' department='' role='', skip: 0, limit: 10
2025-03-13 19:49:15,118 - users - INFO - Found 1 users out of 1 total matches
2025-03-13 19:49:18,307 - users - INFO - Searching users with query: username='' email='' department='' role='', skip: 0, limit: 10
2025-03-13 19:49:18,310 - users - INFO - Found 1 users out of 1 total matches
2025-03-13 19:49:18,526 - users - INFO - Searching users with query: username='' email='' department='' role='', skip: 0, limit: 10
2025-03-13 19:49:18,528 - users - INFO - Found 1 users out of 1 total matches
2025-03-13 19:49:18,724 - users - INFO - Searching users with query: username='' email='' department='' role='', skip: 0, limit: 10
2025-03-13 19:49:18,727 - users - INFO - Found 1 users out of 1 total matches
2025-03-13 19:49:18,942 - users - INFO - Searching users with query: username='' email='' department='' role='', skip: 0, limit: 10
2025-03-13 19:49:18,944 - users - INFO - Found 1 users out of 1 total matches
2025-03-13 19:49:38,781 - users - INFO - Searching users with query: username='' email='' department='' role='', skip: 0, limit: 10
2025-03-13 19:49:38,788 - users - INFO - Found 1 users out of 1 total matches
2025-03-13 19:50:14,013 - users - INFO - Searching users with query: username='' email='' department='' role='', skip: 0, limit: 100
2025-03-13 19:50:14,032 - users - INFO - Found 1 users out of 1 total matches
2025-03-13 19:51:39,315 - users - INFO - Searching users with query: username='' email='' department='' role='', skip: 0, limit: 10
2025-03-13 19:51:39,335 - users - INFO - Found 1 users out of 1 total matches
2025-03-13 20:57:16,590 - users - INFO - Searching users with query: username=None email=None department=None role=None, skip: 0, limit: 10
2025-03-13 20:57:16,596 - users - INFO - Found 1 users out of 1 total matches
2025-03-13 20:57:18,825 - users - INFO - Searching users with query: username=None email=None department=None role=None, skip: 0, limit: 10
2025-03-13 20:57:18,828 - users - INFO - Found 1 users out of 1 total matches
2025-03-13 20:57:19,654 - users - INFO - Searching users with query: username=None email=None department=None role=None, skip: 0, limit: 10
2025-03-13 20:57:19,657 - users - INFO - Found 1 users out of 1 total matches
2025-03-13 20:57:22,691 - users - INFO - Searching users with query: username=None email=None department=None role=None, skip: 0, limit: 10
2025-03-13 20:57:22,694 - users - INFO - Found 1 users out of 1 total matches
2025-03-13 20:57:25,189 - users - INFO - Searching users with query: username=None email=None department=None role=None, skip: 0, limit: 10
2025-03-13 20:57:25,199 - users - INFO - Found 1 users out of 1 total matches
2025-03-13 20:57:26,855 - users - INFO - Searching users with query: username=None email=None department=None role=None, skip: 0, limit: 10
2025-03-13 20:57:26,857 - users - INFO - Found 1 users out of 1 total matches
2025-03-13 20:57:29,430 - users - INFO - Searching users with query: username=None email=None department=None role=None, skip: 0, limit: 10
2025-03-13 20:57:29,433 - users - INFO - Found 1 users out of 1 total matches
2025-03-13 20:57:53,845 - users - INFO - Searching users with query: username=None email=None department=None role=None, skip: 0, limit: 10
2025-03-13 20:57:53,847 - users - INFO - Found 1 users out of 1 total matches
2025-03-13 20:59:06,916 - users - INFO - Searching users with query: username=None email=None department=None role=None, skip: 0, limit: 10
2025-03-13 20:59:07,220 - users - INFO - Found 1 users out of 1 total matches
2025-03-13 20:59:09,991 - users - INFO - Searching users with query: username=None email=None department=None role=None, skip: 0, limit: 10
2025-03-13 20:59:10,007 - users - INFO - Found 1 users out of 1 total matches
2025-03-13 20:59:16,812 - users - INFO - Searching users with query: username=None email=None department=None role=None, skip: 0, limit: 10
2025-03-13 20:59:16,831 - users - INFO - Found 1 users out of 1 total matches
2025-03-13 21:03:55,062 - users - INFO - Searching users with query: username=None email=None department=None role=None, skip: 0, limit: 10
2025-03-13 21:03:55,081 - users - INFO - Found 1 users out of 1 total matches
2025-03-13 21:03:56,725 - users - INFO - Searching users with query: username=None email=None department=None role=None, skip: 0, limit: 10
2025-03-13 21:03:56,727 - users - INFO - Found 1 users out of 1 total matches
2025-03-13 21:04:19,789 - users - INFO - Searching users with query: username=None email=None department=None role=None, skip: 0, limit: 10
2025-03-13 21:04:19,803 - users - INFO - Found 1 users out of 1 total matches
2025-03-13 21:17:01,324 - users - INFO - Searching users with query: username=None email=None department=None role=None, skip: 0, limit: 10
2025-03-13 21:17:01,365 - users - INFO - Found 1 users out of 1 total matches
2025-03-13 21:17:44,573 - users - INFO - Searching users with query: username=None email=None department=None role=None, skip: 0, limit: 10
2025-03-13 21:17:44,592 - users - INFO - Found 1 users out of 1 total matches
2025-03-13 21:17:45,663 - users - INFO - Searching users with query: username=None email=None department=None role=None, skip: 0, limit: 10
2025-03-13 21:17:45,666 - users - INFO - Found 1 users out of 1 total matches
2025-03-13 21:17:53,584 - users - INFO - Searching users with query: username=None email=None department=None role=None, skip: 0, limit: 10
2025-03-13 21:17:53,596 - users - INFO - Found 1 users out of 1 total matches
2025-03-13 21:32:40,347 - users - INFO - Searching users with query: username=None email=None department=None role=None, skip: 0, limit: 10
2025-03-13 21:32:40,351 - users - INFO - Found 1 users out of 1 total matches
2025-03-13 21:33:13,041 - users - INFO - Searching users with query: username=None email=None department=None role=None, skip: 0, limit: 10
2025-03-13 21:33:13,045 - users - INFO - Found 1 users out of 1 total matches
2025-03-13 21:33:17,215 - users - INFO - Searching users with query: username=None email=None department=None role=None, skip: 0, limit: 10
2025-03-13 21:33:17,216 - users - INFO - Found 1 users out of 1 total matches
2025-03-13 21:51:23,545 - users - INFO - Searching users with query: username=None email=None department=None role=None, skip: 0, limit: 10
2025-03-13 21:51:23,549 - users - INFO - Found 1 users out of 1 total matches
2025-03-13 21:51:25,986 - users - INFO - Searching users with query: username=None email=None department=None role=None, skip: 0, limit: 10
2025-03-13 21:51:26,001 - users - INFO - Found 1 users out of 1 total matches
2025-03-13 21:54:08,455 - users - INFO - Searching users with query: username=None email=None department=None role=None, skip: 0, limit: 10
2025-03-13 21:54:08,459 - users - INFO - Found 1 users out of 1 total matches
2025-03-13 21:55:26,328 - users - INFO - Searching users with query: username=None email=None department=None role=None, skip: 0, limit: 10
2025-03-13 21:55:26,330 - users - INFO - Found 1 users out of 1 total matches
2025-03-13 21:58:10,762 - users - INFO - Searching users with query: username=None email=None department=None role=None, skip: 0, limit: 10
2025-03-13 21:58:10,793 - users - INFO - Found 1 users out of 1 total matches
2025-03-13 21:58:13,655 - users - INFO - Searching users with query: username=None email=None department=None role=None, skip: 0, limit: 10
2025-03-13 21:58:13,662 - users - INFO - Found 1 users out of 1 total matches
2025-03-13 21:58:36,035 - users - INFO - Searching users with query: username=None email=None department=None role=None, skip: 0, limit: 10
2025-03-13 21:58:36,041 - users - INFO - Found 1 users out of 1 total matches
2025-03-13 21:58:43,862 - users - INFO - Searching users with query: username=None email=None department=None role=None, skip: 0, limit: 10
2025-03-13 21:58:43,876 - users - INFO - Found 1 users out of 1 total matches
2025-03-13 21:58:43,879 - users - INFO - Searching users with query: username=None email=None department=None role=None, skip: 0, limit: 10
2025-03-13 21:58:43,881 - users - INFO - Found 1 users out of 1 total matches
2025-03-13 21:58:56,504 - users - INFO - Searching users with query: username=None email=None department=None role=None, skip: 0, limit: 10
2025-03-13 21:58:56,511 - users - INFO - Found 1 users out of 1 total matches
2025-03-13 21:59:03,227 - users - INFO - Searching users with query: username=None email=None department=None role=None, skip: 0, limit: 10
2025-03-13 21:59:03,234 - users - INFO - Found 1 users out of 1 total matches
2025-03-13 21:59:04,026 - users - INFO - Searching users with query: username=None email=None department=None role=None, skip: 0, limit: 10
2025-03-13 21:59:04,083 - users - INFO - Found 1 users out of 1 total matches
2025-03-13 21:59:54,198 - users - INFO - Searching users with query: username=None email=None department=None role=None, skip: 0, limit: 10
2025-03-13 21:59:54,204 - users - INFO - Found 1 users out of 1 total matches
2025-03-13 22:00:00,454 - users - INFO - Searching users with query: username=None email=None department=None role=None, skip: 0, limit: 10
2025-03-13 22:00:00,494 - users - INFO - Found 1 users out of 1 total matches
2025-03-13 22:00:25,720 - users - INFO - Searching users with query: username=None email=None department=None role=None, skip: 0, limit: 10
2025-03-13 22:00:25,722 - users - INFO - Found 1 users out of 1 total matches
2025-03-13 22:01:52,691 - users - INFO - Searching users with query: username=None email=None department=None role=None, skip: 0, limit: 10
2025-03-13 22:01:52,694 - users - INFO - Found 1 users out of 1 total matches
2025-03-13 22:01:56,838 - users - INFO - Searching users with query: username=None email=None department=None role=None, skip: 0, limit: 10
2025-03-13 22:01:56,843 - users - INFO - Found 1 users out of 1 total matches
2025-03-13 22:02:08,361 - users - INFO - Searching users with query: username=None email=None department=None role=None, skip: 0, limit: 10
2025-03-13 22:02:08,363 - users - INFO - Found 1 users out of 1 total matches
2025-03-13 22:02:10,411 - users - INFO - Searching users with query: username=None email=None department=None role=None, skip: 0, limit: 10
2025-03-13 22:02:10,414 - users - INFO - Found 1 users out of 1 total matches
2025-03-13 22:02:43,297 - users - INFO - Searching users with query: username=None email=None department=None role=None, skip: 0, limit: 10
2025-03-13 22:02:43,308 - users - INFO - Found 1 users out of 1 total matches
2025-03-13 22:02:46,752 - users - INFO - Searching users with query: username=None email=None department=None role=None, skip: 0, limit: 10
2025-03-13 22:02:46,755 - users - INFO - Found 1 users out of 1 total matches
2025-03-13 22:12:48,944 - users - INFO - Searching users with query: username=None email=None department=None role=None, skip: 0, limit: 10
2025-03-13 22:12:48,991 - users - INFO - Found 1 users out of 1 total matches
2025-03-13 23:36:33,264 - users - INFO - Searching users with query: username=None email=None department=None role=None, skip: 0, limit: 10
2025-03-13 23:36:33,269 - users - INFO - Found 1 users out of 1 total matches
2025-03-13 23:37:50,416 - users - INFO - Searching users with query: username=None email=None department=None role=None, skip: 0, limit: 10
2025-03-13 23:37:50,442 - users - INFO - Found 1 users out of 1 total matches
2025-03-13 23:37:52,871 - users - INFO - Searching users with query: username=None email=None department=None role=None, skip: 0, limit: 10
2025-03-13 23:37:52,890 - users - INFO - Found 1 users out of 1 total matches
2025-03-13 23:39:28,696 - users - INFO - Searching users with query: username=None email=None department=None role=None, skip: 0, limit: 10
2025-03-13 23:39:28,703 - users - INFO - Found 1 users out of 1 total matches
2025-03-13 23:39:57,429 - users - INFO - Searching users with query: username=None email=None department=None role=None, skip: 0, limit: 10
2025-03-13 23:39:57,485 - users - INFO - Found 1 users out of 1 total matches
2025-03-13 23:39:59,702 - users - INFO - Searching users with query: username=None email=None department=None role=None, skip: 0, limit: 10
2025-03-13 23:39:59,708 - users - INFO - Found 1 users out of 1 total matches
2025-03-13 23:40:07,832 - users - INFO - Searching users with query: username=None email=None department=None role=None, skip: 0, limit: 10
2025-03-13 23:40:07,850 - users - INFO - Found 1 users out of 1 total matches
2025-03-13 23:40:08,539 - users - INFO - Searching users with query: username=None email=None department=None role=None, skip: 0, limit: 10
2025-03-13 23:40:08,576 - users - INFO - Found 1 users out of 1 total matches
2025-03-13 23:40:09,613 - users - INFO - Searching users with query: username=None email=None department=None role=None, skip: 0, limit: 10
2025-03-13 23:40:09,617 - users - INFO - Found 1 users out of 1 total matches
2025-03-13 23:40:31,792 - users - INFO - Searching users with query: username=None email=None department=None role=None, skip: 0, limit: 10
2025-03-13 23:40:31,799 - users - INFO - Found 1 users out of 1 total matches
2025-03-13 23:40:54,137 - users - INFO - Searching users with query: username=None email=None department=None role=None, skip: 0, limit: 10
2025-03-13 23:40:54,147 - users - INFO - Found 1 users out of 1 total matches
2025-03-13 23:40:58,977 - users - INFO - Searching users with query: username=None email=None department=None role=None, skip: 0, limit: 10
2025-03-13 23:40:59,003 - users - INFO - Found 1 users out of 1 total matches
2025-03-13 23:41:03,129 - users - INFO - Searching users with query: username=None email=None department=None role=None, skip: 0, limit: 10
2025-03-13 23:41:03,141 - users - INFO - Found 1 users out of 1 total matches
2025-03-13 23:41:09,453 - users - INFO - Searching users with query: username=None email=None department=None role=None, skip: 0, limit: 10
2025-03-13 23:41:09,457 - users - INFO - Found 1 users out of 1 total matches
2025-03-13 23:41:52,289 - users - INFO - Searching users with query: username=None email=None department=None role=None, skip: 0, limit: 10
2025-03-13 23:41:52,296 - users - INFO - Found 1 users out of 1 total matches
2025-03-13 23:44:49,036 - users - INFO - Searching users with query: username='' email='' department='' role='', skip: 0, limit: 10
2025-03-13 23:44:49,047 - users - INFO - Found 1 users out of 1 total matches
2025-03-13 23:45:00,461 - users - INFO - Searching users with query: username='' email='' department='' role='', skip: 0, limit: 10
2025-03-13 23:45:00,482 - users - INFO - Found 1 users out of 1 total matches
2025-03-13 23:45:08,338 - users - INFO - Searching users with query: username='' email='' department='' role='', skip: 0, limit: 10
2025-03-13 23:45:08,365 - users - INFO - Found 1 users out of 1 total matches
2025-03-13 23:45:18,517 - users - INFO - Searching users with query: username='' email='' department='' role='', skip: 0, limit: 10
2025-03-13 23:45:18,524 - users - INFO - Found 1 users out of 1 total matches
2025-03-13 23:45:24,972 - users - INFO - Searching users with query: username='' email='' department='' role='', skip: 0, limit: 10
2025-03-13 23:45:25,002 - users - INFO - Found 1 users out of 1 total matches
2025-03-13 23:45:28,818 - users - INFO - Searching users with query: username='' email='' department='' role='', skip: 0, limit: 10
2025-03-13 23:45:28,823 - users - INFO - Found 1 users out of 1 total matches
2025-03-13 23:45:41,458 - users - INFO - Searching users with query: username='' email='' department='' role='', skip: 0, limit: 10
2025-03-13 23:45:41,465 - users - INFO - Found 1 users out of 1 total matches
2025-03-13 23:46:40,442 - users - INFO - Searching users with query: username='' email='' department='' role='', skip: 0, limit: 10
2025-03-13 23:46:40,450 - users - INFO - Found 1 users out of 1 total matches
2025-03-13 23:46:42,311 - users - INFO - Searching users with query: username='' email='' department='' role='', skip: 0, limit: 10
2025-03-13 23:46:42,323 - users - INFO - Found 1 users out of 1 total matches
2025-03-13 23:48:14,622 - users - INFO - Searching users with query: username='' email='' department='' role='', skip: 0, limit: 10
2025-03-13 23:48:14,632 - users - INFO - Found 1 users out of 1 total matches
2025-03-13 23:48:24,894 - users - INFO - Searching users with query: username='' email='' department='' role='', skip: 0, limit: 10
2025-03-13 23:48:24,902 - users - INFO - Found 1 users out of 1 total matches
2025-03-13 23:50:50,410 - users - INFO - Creating new user: testuser
2025-03-13 23:50:56,719 - users - INFO - Creating new user: testuser2
2025-03-13 23:50:56,747 - users - INFO - User created successfully: 2
2025-03-13 23:51:15,178 - users - INFO - Creating new user: 额外额外
2025-03-13 23:51:15,210 - users - INFO - User created successfully: 3
2025-03-13 23:51:15,380 - users - INFO - Searching users with query: username='' email='' department='' role='', skip: 0, limit: 10
2025-03-13 23:51:15,385 - users - INFO - Found 3 users out of 3 total matches
2025-03-13 23:51:19,173 - users - INFO - Searching users with query: username='' email='' department='' role='', skip: 0, limit: 10
2025-03-13 23:51:19,190 - users - INFO - Found 3 users out of 3 total matches
2025-03-13 23:51:20,707 - users - INFO - Searching users with query: username='' email='' department='' role='', skip: 0, limit: 10
2025-03-13 23:51:20,721 - users - INFO - Found 3 users out of 3 total matches
2025-03-13 23:51:34,275 - users - INFO - Searching users with query: username='' email='' department='' role='', skip: 0, limit: 10
2025-03-13 23:51:34,297 - users - INFO - Found 3 users out of 3 total matches
2025-03-13 23:54:11,432 - users - INFO - Searching users with query: username=None email=None department=None role=None, skip: 0, limit: 10
2025-03-13 23:54:11,501 - users - INFO - Found 3 users out of 3 total matches
2025-03-13 23:54:47,700 - users - INFO - Searching users with query: username='' email='' department='' role='', skip: 0, limit: 10
2025-03-13 23:54:47,735 - users - INFO - Found 3 users out of 3 total matches
2025-03-13 23:55:04,036 - users - INFO - Searching users with query: username='' email='' department='' role='', skip: 0, limit: 10
2025-03-13 23:55:04,045 - users - INFO - Found 3 users out of 3 total matches
2025-03-13 23:55:15,215 - users - INFO - Searching users with query: username='' email='' department='' role='', skip: 0, limit: 10
2025-03-13 23:55:15,229 - users - INFO - Found 3 users out of 3 total matches
2025-03-13 23:55:16,052 - users - INFO - Searching users with query: username='' email='' department='' role='', skip: 0, limit: 10
2025-03-13 23:55:16,055 - users - INFO - Found 3 users out of 3 total matches
2025-03-13 23:55:22,663 - users - INFO - Searching users with query: username='' email='' department='' role='', skip: 0, limit: 10
2025-03-13 23:55:22,668 - users - INFO - Found 3 users out of 3 total matches
2025-03-13 23:56:12,997 - users - INFO - Searching users with query: username=None email=None department=None role=None, skip: 0, limit: 10
2025-03-13 23:56:13,034 - users - INFO - Found 3 users out of 3 total matches
2025-03-13 23:56:23,183 - users - INFO - Searching users with query: username='' email='' department='' role='', skip: 0, limit: 10
2025-03-13 23:56:23,214 - users - INFO - Found 3 users out of 3 total matches
2025-03-13 23:56:51,018 - users - INFO - Creating new user: www
2025-03-13 23:58:08,228 - users - INFO - Creating new user: 111
2025-03-13 23:58:17,573 - users - INFO - Creating new user: 111
2025-03-13 23:58:23,263 - users - INFO - Creating new user: 111
2025-03-13 23:59:45,165 - users - INFO - Creating new user: e
2025-03-14 00:41:06,805 - users - INFO - Creating new user: testuser
2025-03-14 00:41:06,807 - users - ERROR - Error creating user: (sqlite3.IntegrityError) NOT NULL constraint failed: users.hashed_password
[SQL: INSERT INTO users (username, email, full_name, department, role, hashed_password, is_active, created_at, updated_at) VALUES (?, ?, ?, ?, ?, ?, ?, ?, ?)]
[parameters: ('testuser', 'test@example.com', 'Test User', 'IT', 'admin', None, 1, '2025-03-13 16:41:06.807357', '2025-03-13 16:41:06.807571')]
(Background on this error at: https://sqlalche.me/e/20/gkpj)
Traceback (most recent call last):
  File "/Users/sunguochao/Documents/Development/cursor/demo2/venv/lib/python3.10/site-packages/sqlalchemy/engine/base.py", line 1964, in _exec_single_context
    self.dialect.do_execute(
  File "/Users/sunguochao/Documents/Development/cursor/demo2/venv/lib/python3.10/site-packages/sqlalchemy/engine/default.py", line 942, in do_execute
    cursor.execute(statement, parameters)
sqlite3.IntegrityError: NOT NULL constraint failed: users.hashed_password

The above exception was the direct cause of the following exception:

Traceback (most recent call last):
  File "/Users/sunguochao/Documents/Development/cursor/demo2/backend/app/api/users.py", line 61, in create_user
    db.commit()
  File "/Users/sunguochao/Documents/Development/cursor/demo2/venv/lib/python3.10/site-packages/sqlalchemy/orm/session.py", line 2032, in commit
    trans.commit(_to_root=True)
  File "<string>", line 2, in commit
  File "/Users/sunguochao/Documents/Development/cursor/demo2/venv/lib/python3.10/site-packages/sqlalchemy/orm/state_changes.py", line 139, in _go
    ret_value = fn(self, *arg, **kw)
  File "/Users/sunguochao/Documents/Development/cursor/demo2/venv/lib/python3.10/site-packages/sqlalchemy/orm/session.py", line 1313, in commit
    self._prepare_impl()
  File "<string>", line 2, in _prepare_impl
  File "/Users/sunguochao/Documents/Development/cursor/demo2/venv/lib/python3.10/site-packages/sqlalchemy/orm/state_changes.py", line 139, in _go
    ret_value = fn(self, *arg, **kw)
  File "/Users/sunguochao/Documents/Development/cursor/demo2/venv/lib/python3.10/site-packages/sqlalchemy/orm/session.py", line 1288, in _prepare_impl
    self.session.flush()
  File "/Users/sunguochao/Documents/Development/cursor/demo2/venv/lib/python3.10/site-packages/sqlalchemy/orm/session.py", line 4353, in flush
    self._flush(objects)
  File "/Users/sunguochao/Documents/Development/cursor/demo2/venv/lib/python3.10/site-packages/sqlalchemy/orm/session.py", line 4488, in _flush
    with util.safe_reraise():
  File "/Users/sunguochao/Documents/Development/cursor/demo2/venv/lib/python3.10/site-packages/sqlalchemy/util/langhelpers.py", line 146, in __exit__
    raise exc_value.with_traceback(exc_tb)
  File "/Users/sunguochao/Documents/Development/cursor/demo2/venv/lib/python3.10/site-packages/sqlalchemy/orm/session.py", line 4449, in _flush
    flush_context.execute()
  File "/Users/sunguochao/Documents/Development/cursor/demo2/venv/lib/python3.10/site-packages/sqlalchemy/orm/unitofwork.py", line 466, in execute
    rec.execute(self)
  File "/Users/sunguochao/Documents/Development/cursor/demo2/venv/lib/python3.10/site-packages/sqlalchemy/orm/unitofwork.py", line 642, in execute
    util.preloaded.orm_persistence.save_obj(
  File "/Users/sunguochao/Documents/Development/cursor/demo2/venv/lib/python3.10/site-packages/sqlalchemy/orm/persistence.py", line 93, in save_obj
    _emit_insert_statements(
  File "/Users/sunguochao/Documents/Development/cursor/demo2/venv/lib/python3.10/site-packages/sqlalchemy/orm/persistence.py", line 1233, in _emit_insert_statements
    result = connection.execute(
  File "/Users/sunguochao/Documents/Development/cursor/demo2/venv/lib/python3.10/site-packages/sqlalchemy/engine/base.py", line 1416, in execute
    return meth(
  File "/Users/sunguochao/Documents/Development/cursor/demo2/venv/lib/python3.10/site-packages/sqlalchemy/sql/elements.py", line 523, in _execute_on_connection
    return connection._execute_clauseelement(
  File "/Users/sunguochao/Documents/Development/cursor/demo2/venv/lib/python3.10/site-packages/sqlalchemy/engine/base.py", line 1638, in _execute_clauseelement
    ret = self._execute_context(
  File "/Users/sunguochao/Documents/Development/cursor/demo2/venv/lib/python3.10/site-packages/sqlalchemy/engine/base.py", line 1843, in _execute_context
    return self._exec_single_context(
  File "/Users/sunguochao/Documents/Development/cursor/demo2/venv/lib/python3.10/site-packages/sqlalchemy/engine/base.py", line 1983, in _exec_single_context
    self._handle_dbapi_exception(
  File "/Users/sunguochao/Documents/Development/cursor/demo2/venv/lib/python3.10/site-packages/sqlalchemy/engine/base.py", line 2352, in _handle_dbapi_exception
    raise sqlalchemy_exception.with_traceback(exc_info[2]) from e
  File "/Users/sunguochao/Documents/Development/cursor/demo2/venv/lib/python3.10/site-packages/sqlalchemy/engine/base.py", line 1964, in _exec_single_context
    self.dialect.do_execute(
  File "/Users/sunguochao/Documents/Development/cursor/demo2/venv/lib/python3.10/site-packages/sqlalchemy/engine/default.py", line 942, in do_execute
    cursor.execute(statement, parameters)
sqlalchemy.exc.IntegrityError: (sqlite3.IntegrityError) NOT NULL constraint failed: users.hashed_password
[SQL: INSERT INTO users (username, email, full_name, department, role, hashed_password, is_active, created_at, updated_at) VALUES (?, ?, ?, ?, ?, ?, ?, ?, ?)]
[parameters: ('testuser', 'test@example.com', 'Test User', 'IT', 'admin', None, 1, '2025-03-13 16:41:06.807357', '2025-03-13 16:41:06.807571')]
(Background on this error at: https://sqlalche.me/e/20/gkpj)
2025-03-14 00:41:09,358 - users - INFO - Fetching user with id: 999
2025-03-14 00:41:10,059 - users - INFO - Updating user: 999
2025-03-14 00:41:11,371 - users - INFO - Deleting user: 999
2025-03-14 00:47:09,612 - users - INFO - Creating new user: testuser
2025-03-14 00:47:09,616 - users - ERROR - Error creating user: (sqlite3.IntegrityError) NOT NULL constraint failed: users.hashed_password
[SQL: INSERT INTO users (username, email, full_name, department, role, hashed_password, is_active, created_at, updated_at) VALUES (?, ?, ?, ?, ?, ?, ?, ?, ?)]
[parameters: ('testuser', 'test@example.com', 'Test User', 'IT', 'admin', None, 1, '2025-03-13 16:47:09.615985', '2025-03-13 16:47:09.616207')]
(Background on this error at: https://sqlalche.me/e/20/gkpj)
Traceback (most recent call last):
  File "/Users/sunguochao/Documents/Development/cursor/demo2/venv/lib/python3.10/site-packages/sqlalchemy/engine/base.py", line 1964, in _exec_single_context
    self.dialect.do_execute(
  File "/Users/sunguochao/Documents/Development/cursor/demo2/venv/lib/python3.10/site-packages/sqlalchemy/engine/default.py", line 942, in do_execute
    cursor.execute(statement, parameters)
sqlite3.IntegrityError: NOT NULL constraint failed: users.hashed_password

The above exception was the direct cause of the following exception:

Traceback (most recent call last):
  File "/Users/sunguochao/Documents/Development/cursor/demo2/backend/app/api/users.py", line 61, in create_user
    db.commit()
  File "/Users/sunguochao/Documents/Development/cursor/demo2/venv/lib/python3.10/site-packages/sqlalchemy/orm/session.py", line 2032, in commit
    trans.commit(_to_root=True)
  File "<string>", line 2, in commit
  File "/Users/sunguochao/Documents/Development/cursor/demo2/venv/lib/python3.10/site-packages/sqlalchemy/orm/state_changes.py", line 139, in _go
    ret_value = fn(self, *arg, **kw)
  File "/Users/sunguochao/Documents/Development/cursor/demo2/venv/lib/python3.10/site-packages/sqlalchemy/orm/session.py", line 1313, in commit
    self._prepare_impl()
  File "<string>", line 2, in _prepare_impl
  File "/Users/sunguochao/Documents/Development/cursor/demo2/venv/lib/python3.10/site-packages/sqlalchemy/orm/state_changes.py", line 139, in _go
    ret_value = fn(self, *arg, **kw)
  File "/Users/sunguochao/Documents/Development/cursor/demo2/venv/lib/python3.10/site-packages/sqlalchemy/orm/session.py", line 1288, in _prepare_impl
    self.session.flush()
  File "/Users/sunguochao/Documents/Development/cursor/demo2/venv/lib/python3.10/site-packages/sqlalchemy/orm/session.py", line 4353, in flush
    self._flush(objects)
  File "/Users/sunguochao/Documents/Development/cursor/demo2/venv/lib/python3.10/site-packages/sqlalchemy/orm/session.py", line 4488, in _flush
    with util.safe_reraise():
  File "/Users/sunguochao/Documents/Development/cursor/demo2/venv/lib/python3.10/site-packages/sqlalchemy/util/langhelpers.py", line 146, in __exit__
    raise exc_value.with_traceback(exc_tb)
  File "/Users/sunguochao/Documents/Development/cursor/demo2/venv/lib/python3.10/site-packages/sqlalchemy/orm/session.py", line 4449, in _flush
    flush_context.execute()
  File "/Users/sunguochao/Documents/Development/cursor/demo2/venv/lib/python3.10/site-packages/sqlalchemy/orm/unitofwork.py", line 466, in execute
    rec.execute(self)
  File "/Users/sunguochao/Documents/Development/cursor/demo2/venv/lib/python3.10/site-packages/sqlalchemy/orm/unitofwork.py", line 642, in execute
    util.preloaded.orm_persistence.save_obj(
  File "/Users/sunguochao/Documents/Development/cursor/demo2/venv/lib/python3.10/site-packages/sqlalchemy/orm/persistence.py", line 93, in save_obj
    _emit_insert_statements(
  File "/Users/sunguochao/Documents/Development/cursor/demo2/venv/lib/python3.10/site-packages/sqlalchemy/orm/persistence.py", line 1233, in _emit_insert_statements
    result = connection.execute(
  File "/Users/sunguochao/Documents/Development/cursor/demo2/venv/lib/python3.10/site-packages/sqlalchemy/engine/base.py", line 1416, in execute
    return meth(
  File "/Users/sunguochao/Documents/Development/cursor/demo2/venv/lib/python3.10/site-packages/sqlalchemy/sql/elements.py", line 523, in _execute_on_connection
    return connection._execute_clauseelement(
  File "/Users/sunguochao/Documents/Development/cursor/demo2/venv/lib/python3.10/site-packages/sqlalchemy/engine/base.py", line 1638, in _execute_clauseelement
    ret = self._execute_context(
  File "/Users/sunguochao/Documents/Development/cursor/demo2/venv/lib/python3.10/site-packages/sqlalchemy/engine/base.py", line 1843, in _execute_context
    return self._exec_single_context(
  File "/Users/sunguochao/Documents/Development/cursor/demo2/venv/lib/python3.10/site-packages/sqlalchemy/engine/base.py", line 1983, in _exec_single_context
    self._handle_dbapi_exception(
  File "/Users/sunguochao/Documents/Development/cursor/demo2/venv/lib/python3.10/site-packages/sqlalchemy/engine/base.py", line 2352, in _handle_dbapi_exception
    raise sqlalchemy_exception.with_traceback(exc_info[2]) from e
  File "/Users/sunguochao/Documents/Development/cursor/demo2/venv/lib/python3.10/site-packages/sqlalchemy/engine/base.py", line 1964, in _exec_single_context
    self.dialect.do_execute(
  File "/Users/sunguochao/Documents/Development/cursor/demo2/venv/lib/python3.10/site-packages/sqlalchemy/engine/default.py", line 942, in do_execute
    cursor.execute(statement, parameters)
sqlalchemy.exc.IntegrityError: (sqlite3.IntegrityError) NOT NULL constraint failed: users.hashed_password
[SQL: INSERT INTO users (username, email, full_name, department, role, hashed_password, is_active, created_at, updated_at) VALUES (?, ?, ?, ?, ?, ?, ?, ?, ?)]
[parameters: ('testuser', 'test@example.com', 'Test User', 'IT', 'admin', None, 1, '2025-03-13 16:47:09.615985', '2025-03-13 16:47:09.616207')]
(Background on this error at: https://sqlalche.me/e/20/gkpj)
2025-03-14 00:47:10,100 - users - INFO - Creating new user: testuser
2025-03-14 00:47:10,580 - users - INFO - Creating new user: testuser2
2025-03-14 00:47:11,810 - users - INFO - Fetching user with id: 999
2025-03-14 00:47:12,330 - users - INFO - Updating user: 999
2025-03-14 00:47:13,145 - users - INFO - Deleting user: 999
2025-03-14 00:53:01,383 - users - INFO - Creating new user: testuser
2025-03-14 00:53:01,385 - users - ERROR - Error creating user: (sqlite3.IntegrityError) NOT NULL constraint failed: users.hashed_password
[SQL: INSERT INTO users (username, email, full_name, department, role, hashed_password, is_active, created_at, updated_at) VALUES (?, ?, ?, ?, ?, ?, ?, ?, ?)]
[parameters: ('testuser', 'test@example.com', 'Test User', 'IT', 'admin', None, 1, '2025-03-13 16:53:01.384706', '2025-03-13 16:53:01.384914')]
(Background on this error at: https://sqlalche.me/e/20/gkpj)
Traceback (most recent call last):
  File "/Users/sunguochao/Documents/Development/cursor/demo2/venv/lib/python3.10/site-packages/sqlalchemy/engine/base.py", line 1964, in _exec_single_context
    self.dialect.do_execute(
  File "/Users/sunguochao/Documents/Development/cursor/demo2/venv/lib/python3.10/site-packages/sqlalchemy/engine/default.py", line 942, in do_execute
    cursor.execute(statement, parameters)
sqlite3.IntegrityError: NOT NULL constraint failed: users.hashed_password

The above exception was the direct cause of the following exception:

Traceback (most recent call last):
  File "/Users/sunguochao/Documents/Development/cursor/demo2/backend/app/api/users.py", line 61, in create_user
    db.commit()
  File "/Users/sunguochao/Documents/Development/cursor/demo2/venv/lib/python3.10/site-packages/sqlalchemy/orm/session.py", line 2032, in commit
    trans.commit(_to_root=True)
  File "<string>", line 2, in commit
  File "/Users/sunguochao/Documents/Development/cursor/demo2/venv/lib/python3.10/site-packages/sqlalchemy/orm/state_changes.py", line 139, in _go
    ret_value = fn(self, *arg, **kw)
  File "/Users/sunguochao/Documents/Development/cursor/demo2/venv/lib/python3.10/site-packages/sqlalchemy/orm/session.py", line 1313, in commit
    self._prepare_impl()
  File "<string>", line 2, in _prepare_impl
  File "/Users/sunguochao/Documents/Development/cursor/demo2/venv/lib/python3.10/site-packages/sqlalchemy/orm/state_changes.py", line 139, in _go
    ret_value = fn(self, *arg, **kw)
  File "/Users/sunguochao/Documents/Development/cursor/demo2/venv/lib/python3.10/site-packages/sqlalchemy/orm/session.py", line 1288, in _prepare_impl
    self.session.flush()
  File "/Users/sunguochao/Documents/Development/cursor/demo2/venv/lib/python3.10/site-packages/sqlalchemy/orm/session.py", line 4353, in flush
    self._flush(objects)
  File "/Users/sunguochao/Documents/Development/cursor/demo2/venv/lib/python3.10/site-packages/sqlalchemy/orm/session.py", line 4488, in _flush
    with util.safe_reraise():
  File "/Users/sunguochao/Documents/Development/cursor/demo2/venv/lib/python3.10/site-packages/sqlalchemy/util/langhelpers.py", line 146, in __exit__
    raise exc_value.with_traceback(exc_tb)
  File "/Users/sunguochao/Documents/Development/cursor/demo2/venv/lib/python3.10/site-packages/sqlalchemy/orm/session.py", line 4449, in _flush
    flush_context.execute()
  File "/Users/sunguochao/Documents/Development/cursor/demo2/venv/lib/python3.10/site-packages/sqlalchemy/orm/unitofwork.py", line 466, in execute
    rec.execute(self)
  File "/Users/sunguochao/Documents/Development/cursor/demo2/venv/lib/python3.10/site-packages/sqlalchemy/orm/unitofwork.py", line 642, in execute
    util.preloaded.orm_persistence.save_obj(
  File "/Users/sunguochao/Documents/Development/cursor/demo2/venv/lib/python3.10/site-packages/sqlalchemy/orm/persistence.py", line 93, in save_obj
    _emit_insert_statements(
  File "/Users/sunguochao/Documents/Development/cursor/demo2/venv/lib/python3.10/site-packages/sqlalchemy/orm/persistence.py", line 1233, in _emit_insert_statements
    result = connection.execute(
  File "/Users/sunguochao/Documents/Development/cursor/demo2/venv/lib/python3.10/site-packages/sqlalchemy/engine/base.py", line 1416, in execute
    return meth(
  File "/Users/sunguochao/Documents/Development/cursor/demo2/venv/lib/python3.10/site-packages/sqlalchemy/sql/elements.py", line 523, in _execute_on_connection
    return connection._execute_clauseelement(
  File "/Users/sunguochao/Documents/Development/cursor/demo2/venv/lib/python3.10/site-packages/sqlalchemy/engine/base.py", line 1638, in _execute_clauseelement
    ret = self._execute_context(
  File "/Users/sunguochao/Documents/Development/cursor/demo2/venv/lib/python3.10/site-packages/sqlalchemy/engine/base.py", line 1843, in _execute_context
    return self._exec_single_context(
  File "/Users/sunguochao/Documents/Development/cursor/demo2/venv/lib/python3.10/site-packages/sqlalchemy/engine/base.py", line 1983, in _exec_single_context
    self._handle_dbapi_exception(
  File "/Users/sunguochao/Documents/Development/cursor/demo2/venv/lib/python3.10/site-packages/sqlalchemy/engine/base.py", line 2352, in _handle_dbapi_exception
    raise sqlalchemy_exception.with_traceback(exc_info[2]) from e
  File "/Users/sunguochao/Documents/Development/cursor/demo2/venv/lib/python3.10/site-packages/sqlalchemy/engine/base.py", line 1964, in _exec_single_context
    self.dialect.do_execute(
  File "/Users/sunguochao/Documents/Development/cursor/demo2/venv/lib/python3.10/site-packages/sqlalchemy/engine/default.py", line 942, in do_execute
    cursor.execute(statement, parameters)
sqlalchemy.exc.IntegrityError: (sqlite3.IntegrityError) NOT NULL constraint failed: users.hashed_password
[SQL: INSERT INTO users (username, email, full_name, department, role, hashed_password, is_active, created_at, updated_at) VALUES (?, ?, ?, ?, ?, ?, ?, ?, ?)]
[parameters: ('testuser', 'test@example.com', 'Test User', 'IT', 'admin', None, 1, '2025-03-13 16:53:01.384706', '2025-03-13 16:53:01.384914')]
(Background on this error at: https://sqlalche.me/e/20/gkpj)
2025-03-14 00:53:02,128 - users - INFO - Searching users with query: username=None email=None department=None role=None, skip: 0, limit: 10
2025-03-14 00:53:02,130 - users - INFO - Found 2 users out of 2 total matches
2025-03-14 00:53:02,536 - users - INFO - Searching users with query: username=None email=None department='IT' role=None, skip: 0, limit: 10
2025-03-14 00:53:02,537 - users - DEBUG - Applying filters: [<sqlalchemy.sql.elements.BinaryExpression object at 0x104165240>]
2025-03-14 00:53:02,539 - users - INFO - Found 1 users out of 1 total matches
2025-03-14 00:53:02,938 - users - INFO - Fetching user with id: 2
2025-03-14 00:53:03,190 - users - INFO - Fetching user with id: 999
2025-03-14 00:53:03,684 - users - INFO - Updating user: 999
2025-03-14 00:53:04,181 - users - INFO - Deleting user: 2
2025-03-14 00:53:04,184 - users - INFO - User deleted successfully: 2
2025-03-14 00:53:04,186 - users - INFO - Fetching user with id: 2
2025-03-14 00:55:39,779 - users - INFO - Creating new user: testuser
2025-03-14 00:55:40,021 - users - INFO - User created successfully: 2
2025-03-14 00:55:40,763 - users - INFO - Searching users with query: username=None email=None department=None role=None, skip: 0, limit: 10
2025-03-14 00:55:40,765 - users - INFO - Found 2 users out of 2 total matches
2025-03-14 00:55:41,013 - users - INFO - Searching users with query: username=None email=None department=IT role=None, skip: 0, limit: 10
2025-03-14 00:55:41,014 - users - DEBUG - Applying filters: [<sqlalchemy.sql.elements.BinaryExpression object at 0x1122d5420>]
2025-03-14 00:55:41,016 - users - INFO - Found 1 users out of 1 total matches
2025-03-14 00:55:41,267 - users - INFO - Fetching user with id: 2
2025-03-14 00:55:41,523 - users - INFO - Fetching user with id: 999
2025-03-14 00:55:41,771 - users - INFO - Updating user: 2
2025-03-14 00:55:41,772 - users - INFO - User updated successfully: 2
2025-03-14 00:55:42,083 - users - INFO - Updating user: 999
2025-03-14 00:55:42,333 - users - INFO - Updating user: 3
2025-03-14 00:55:42,609 - users - INFO - Deleting user: 2
2025-03-14 00:55:42,612 - users - INFO - User deleted successfully: 2
2025-03-14 00:55:42,614 - users - INFO - Fetching user with id: 2
2025-03-14 01:01:54,522 - users - INFO - Creating new user: testuser
2025-03-14 01:01:54,771 - users - INFO - User created successfully: 1
2025-03-14 01:01:55,273 - users - INFO - Creating new user: testuser
2025-03-14 01:01:55,764 - users - INFO - Creating new user: testuser2
2025-03-14 01:01:56,248 - users - INFO - Searching users with query: username=None email=None department=None role=None, skip: 0, limit: 10
2025-03-14 01:01:56,250 - users - INFO - Found 2 users out of 2 total matches
2025-03-14 01:01:56,733 - users - INFO - Searching users with query: username=None email=None department=IT role=None, skip: 0, limit: 10
2025-03-14 01:01:56,733 - users - DEBUG - Applying filters: [<sqlalchemy.sql.elements.BinaryExpression object at 0x1180dd1b0>]
2025-03-14 01:01:56,735 - users - INFO - Found 1 users out of 1 total matches
2025-03-14 01:01:57,219 - users - INFO - Fetching user with id: 2
2025-03-14 01:01:57,707 - users - INFO - Updating user: 2
2025-03-14 01:01:57,708 - users - INFO - User updated successfully: 2
2025-03-14 01:01:57,953 - users - INFO - Updating user: 999
2025-03-14 01:01:58,676 - users - INFO - Updating user: 3
2025-03-14 01:01:59,157 - users - INFO - Deleting user: 2
2025-03-14 01:01:59,159 - users - INFO - User deleted successfully: 2
2025-03-14 01:01:59,404 - users - INFO - Deleting user: 999
2025-03-14 01:05:57,139 - users - INFO - Creating new user: testuser
2025-03-14 01:05:57,381 - users - INFO - User created successfully: 1
2025-03-14 01:05:57,865 - users - INFO - Creating new user: testuser
2025-03-14 01:05:58,352 - users - INFO - Creating new user: testuser2
2025-03-14 01:05:58,875 - users - INFO - Searching users with query: username=None email=None department=None role=None, skip: 0, limit: 10
2025-03-14 01:05:58,877 - users - INFO - Found 2 users out of 2 total matches
2025-03-14 01:05:59,364 - users - INFO - Searching users with query: username=None email=None department=IT role=None, skip: 0, limit: 10
2025-03-14 01:05:59,365 - users - DEBUG - Applying filters: [<sqlalchemy.sql.elements.BinaryExpression object at 0x108fd5390>]
2025-03-14 01:05:59,367 - users - INFO - Found 1 users out of 1 total matches
2025-03-14 01:05:59,849 - users - INFO - Fetching user with id: 2
2025-03-14 01:06:00,341 - users - INFO - Updating user: 2
2025-03-14 01:06:00,342 - users - INFO - User updated successfully: 2
2025-03-14 01:06:00,590 - users - INFO - Updating user: 999
2025-03-14 01:06:01,315 - users - INFO - Updating user: 3
2025-03-14 01:06:01,800 - users - INFO - Deleting user: 2
2025-03-14 01:06:01,803 - users - INFO - User deleted successfully: 2
2025-03-14 01:06:02,049 - users - INFO - Deleting user: 999
2025-03-14 01:10:32,054 - users - INFO - Creating new user: testuser
2025-03-14 01:10:32,326 - users - INFO - User created successfully: 1
2025-03-14 01:10:32,817 - users - INFO - Creating new user: testuser
2025-03-14 01:10:33,362 - users - INFO - Creating new user: testuser2
2025-03-14 01:10:33,849 - users - INFO - Searching users with query: username=None email=None department=None role=None, skip: 0, limit: 10
2025-03-14 01:10:33,851 - users - INFO - Found 2 users out of 2 total matches
2025-03-14 01:10:34,338 - users - INFO - Searching users with query: username=None email=None department=IT role=None, skip: 0, limit: 10
2025-03-14 01:10:34,338 - users - DEBUG - Applying filters: [<sqlalchemy.sql.elements.BinaryExpression object at 0x11487c4f0>]
2025-03-14 01:10:34,340 - users - INFO - Found 1 users out of 1 total matches
2025-03-14 01:10:34,828 - users - INFO - Fetching user with id: 2
2025-03-14 01:10:35,318 - users - INFO - Updating user: 2
2025-03-14 01:10:35,319 - users - INFO - User updated successfully: 2
2025-03-14 01:10:35,563 - users - INFO - Updating user: 999
2025-03-14 01:10:36,288 - users - INFO - Updating user: 3
2025-03-14 01:10:36,773 - users - INFO - Deleting user: 2
2025-03-14 01:10:36,776 - users - INFO - User deleted successfully: 2
2025-03-14 01:10:37,022 - users - INFO - Deleting user: 999
2025-03-14 01:13:31,085 - users - INFO - Creating new user: testuser
2025-03-14 01:13:31,326 - users - INFO - User created successfully: 1
2025-03-14 01:13:31,809 - users - INFO - Creating new user: testuser
2025-03-14 01:13:32,292 - users - INFO - Creating new user: testuser2
2025-03-14 01:13:32,781 - users - INFO - Searching users with query: username=None email=None department=None role=None, skip: 0, limit: 10
2025-03-14 01:13:32,783 - users - INFO - Found 2 users out of 2 total matches
2025-03-14 01:13:33,272 - users - INFO - Searching users with query: username=None email=None department=IT role=None, skip: 0, limit: 10
2025-03-14 01:13:33,272 - users - DEBUG - Applying filters: [<sqlalchemy.sql.elements.BinaryExpression object at 0x1075d53c0>]
2025-03-14 01:13:33,274 - users - INFO - Found 1 users out of 1 total matches
2025-03-14 01:13:33,756 - users - INFO - Fetching user with id: 2
2025-03-14 01:13:34,244 - users - INFO - Updating user: 2
2025-03-14 01:13:34,246 - users - INFO - User updated successfully: 2
2025-03-14 01:13:34,495 - users - INFO - Updating user: 999
2025-03-14 01:13:35,217 - users - INFO - Updating user: 3
2025-03-14 01:13:35,701 - users - INFO - Deleting user: 2
2025-03-14 01:13:35,704 - users - INFO - User deleted successfully: 2
2025-03-14 01:13:35,949 - users - INFO - Deleting user: 999
2025-03-14 01:15:21,354 - users - INFO - Creating new user: testuser
2025-03-14 01:15:21,594 - users - INFO - User created successfully: 1
2025-03-14 01:15:22,078 - users - INFO - Creating new user: testuser
2025-03-14 01:15:22,574 - users - INFO - Creating new user: testuser2
2025-03-14 01:15:23,059 - users - INFO - Searching users with query: username=None email=None department=None role=None, skip: 0, limit: 10
2025-03-14 01:15:23,061 - users - INFO - Found 2 users out of 2 total matches
2025-03-14 01:15:23,558 - users - INFO - Searching users with query: username=None email=None department=IT role=None, skip: 0, limit: 10
2025-03-14 01:15:23,559 - users - DEBUG - Applying filters: [<sqlalchemy.sql.elements.BinaryExpression object at 0x110cd53f0>]
2025-03-14 01:15:23,561 - users - INFO - Found 1 users out of 1 total matches
2025-03-14 01:15:24,045 - users - INFO - Fetching user with id: 2
2025-03-14 01:15:24,531 - users - INFO - Updating user: 2
2025-03-14 01:15:24,533 - users - INFO - User updated successfully: 2
2025-03-14 01:15:24,777 - users - INFO - Updating user: 999
2025-03-14 01:15:25,500 - users - INFO - Updating user: 3
2025-03-14 01:15:25,986 - users - INFO - Deleting user: 2
2025-03-14 01:15:25,990 - users - INFO - User deleted successfully: 2
2025-03-14 01:15:26,236 - users - INFO - Deleting user: 999
2025-03-14 01:18:51,592 - users - INFO - Creating new user: testuser
2025-03-14 01:18:51,850 - users - INFO - User created successfully: 1
2025-03-14 01:18:52,338 - users - INFO - Creating new user: testuser
2025-03-14 01:18:52,829 - users - INFO - Creating new user: testuser2
2025-03-14 01:18:53,318 - users - INFO - Searching users with query: username=None email=None department=None role=None, skip: 0, limit: 10
2025-03-14 01:18:53,320 - users - INFO - Found 2 users out of 2 total matches
2025-03-14 01:18:53,810 - users - INFO - Searching users with query: username=None email=None department=IT role=None, skip: 0, limit: 10
2025-03-14 01:18:53,810 - users - DEBUG - Applying filters: [<sqlalchemy.sql.elements.BinaryExpression object at 0x121931ae0>]
2025-03-14 01:18:53,812 - users - INFO - Found 1 users out of 1 total matches
2025-03-14 01:18:54,294 - users - INFO - Fetching user with id: 2
2025-03-14 01:18:54,783 - users - INFO - Updating user: 2
2025-03-14 01:18:54,785 - users - INFO - User updated successfully: 2
2025-03-14 01:18:55,030 - users - INFO - Updating user: 999
2025-03-14 01:18:55,884 - users - INFO - Updating user: 3
2025-03-14 01:18:56,371 - users - INFO - Deleting user: 2
2025-03-14 01:18:56,373 - users - INFO - User deleted successfully: 2
2025-03-14 01:18:56,618 - users - INFO - Deleting user: 999
2025-03-14 01:20:22,735 - users - INFO - Creating new user: testuser
2025-03-14 01:20:22,976 - users - INFO - User created successfully: 1
2025-03-14 01:20:23,463 - users - INFO - Creating new user: testuser
2025-03-14 01:20:23,983 - users - INFO - Creating new user: testuser2
2025-03-14 01:20:24,472 - users - INFO - Searching users with query: username=None email=None department=None role=None, skip: 0, limit: 10
2025-03-14 01:20:24,474 - users - INFO - Found 2 users out of 2 total matches
2025-03-14 01:20:24,959 - users - INFO - Searching users with query: username=None email=None department=IT role=None, skip: 0, limit: 10
2025-03-14 01:20:24,959 - users - DEBUG - Applying filters: [<sqlalchemy.sql.elements.BinaryExpression object at 0x10676c4f0>]
2025-03-14 01:20:24,962 - users - INFO - Found 1 users out of 1 total matches
2025-03-14 01:20:25,446 - users - INFO - Fetching user with id: 2
2025-03-14 01:20:25,932 - users - INFO - Updating user: 2
2025-03-14 01:20:25,934 - users - INFO - User updated successfully: 2
2025-03-14 01:20:26,179 - users - INFO - Updating user: 999
2025-03-14 01:20:26,903 - users - INFO - Updating user: 3
2025-03-14 01:20:27,388 - users - INFO - Deleting user: 2
2025-03-14 01:20:27,392 - users - INFO - User deleted successfully: 2
2025-03-14 01:20:27,638 - users - INFO - Deleting user: 999
2025-03-14 01:23:09,028 - users - INFO - Creating new user: testuser
2025-03-14 01:23:09,274 - users - INFO - User created successfully: 1
2025-03-14 01:23:09,758 - users - INFO - Creating new user: testuser
2025-03-14 01:23:10,252 - users - INFO - Creating new user: testuser2
2025-03-14 01:23:10,742 - users - INFO - Searching users with query: username=None email=None department=None role=None, skip: 0, limit: 10
2025-03-14 01:23:10,744 - users - INFO - Found 2 users out of 2 total matches
2025-03-14 01:23:11,231 - users - INFO - Searching users with query: username=None email=None department=IT role=None, skip: 0, limit: 10
2025-03-14 01:23:11,231 - users - DEBUG - Applying filters: [<sqlalchemy.sql.elements.BinaryExpression object at 0x106159240>]
2025-03-14 01:23:11,233 - users - INFO - Found 1 users out of 1 total matches
2025-03-14 01:23:11,716 - users - INFO - Fetching user with id: 2
2025-03-14 01:23:12,200 - users - INFO - Updating user: 2
2025-03-14 01:23:12,202 - users - INFO - User updated successfully: 2
2025-03-14 01:23:12,449 - users - INFO - Updating user: 999
2025-03-14 01:23:13,175 - users - INFO - Updating user: 3
2025-03-14 01:23:13,660 - users - INFO - Deleting user: 2
2025-03-14 01:23:13,692 - users - INFO - User deleted successfully: 2
2025-03-14 01:23:13,951 - users - INFO - Deleting user: 999
2025-03-14 01:24:06,492 - users - INFO - Creating new user: testuser
2025-03-14 01:24:06,734 - users - INFO - User created successfully: 1
2025-03-14 01:24:07,219 - users - INFO - Creating new user: testuser
2025-03-14 01:24:07,705 - users - INFO - Creating new user: testuser2
2025-03-14 01:24:08,194 - users - INFO - Searching users with query: username=None email=None department=None role=None, skip: 0, limit: 10
2025-03-14 01:24:08,196 - users - INFO - Found 2 users out of 2 total matches
2025-03-14 01:24:08,683 - users - INFO - Searching users with query: username=None email=None department=IT role=None, skip: 0, limit: 10
2025-03-14 01:24:08,684 - users - DEBUG - Applying filters: [<sqlalchemy.sql.elements.BinaryExpression object at 0x1114d5480>]
2025-03-14 01:24:08,686 - users - INFO - Found 1 users out of 1 total matches
2025-03-14 01:24:09,170 - users - INFO - Fetching user with id: 2
2025-03-14 01:24:09,658 - users - INFO - Updating user: 2
2025-03-14 01:24:09,659 - users - INFO - User updated successfully: 2
2025-03-14 01:24:09,909 - users - INFO - Updating user: 999
2025-03-14 01:24:10,665 - users - INFO - Updating user: 3
2025-03-14 01:24:11,152 - users - INFO - Deleting user: 2
2025-03-14 01:24:11,155 - users - INFO - User deleted successfully: 2
2025-03-14 01:24:11,400 - users - INFO - Deleting user: 999
2025-03-14 01:25:39,806 - users - INFO - Creating new user: testuser
2025-03-14 01:25:40,052 - users - INFO - User created successfully: 1
2025-03-14 01:25:40,547 - users - INFO - Creating new user: testuser
2025-03-14 01:25:41,034 - users - INFO - Creating new user: testuser2
2025-03-14 01:25:41,522 - users - INFO - Searching users with query: username=None email=None department=None role=None, skip: 0, limit: 10
2025-03-14 01:25:41,524 - users - INFO - Found 2 users out of 2 total matches
2025-03-14 01:25:42,012 - users - INFO - Searching users with query: username=None email=None department=IT role=None, skip: 0, limit: 10
2025-03-14 01:25:42,012 - users - DEBUG - Applying filters: [<sqlalchemy.sql.elements.BinaryExpression object at 0x106976b30>]
2025-03-14 01:25:42,014 - users - INFO - Found 1 users out of 1 total matches
2025-03-14 01:25:42,501 - users - INFO - Fetching user with id: 2
2025-03-14 01:25:43,019 - users - INFO - Updating user: 2
2025-03-14 01:25:43,020 - users - INFO - User updated successfully: 2
2025-03-14 01:25:43,265 - users - INFO - Updating user: 999
2025-03-14 01:25:43,992 - users - INFO - Updating user: 3
2025-03-14 01:25:44,618 - users - INFO - Deleting user: 2
2025-03-14 01:25:44,621 - users - INFO - User deleted successfully: 2
2025-03-14 01:25:44,867 - users - INFO - Deleting user: 999
2025-03-14 01:27:57,787 - users - INFO - Searching users with query: username= email= department= role=, skip: 0, limit: 10
2025-03-14 01:27:57,818 - users - ERROR - Error searching users: (pymysql.err.OperationalError) (1054, "Unknown column 'users.hashed_password' in 'field list'")
[SQL: SELECT count(*) AS count_1 
FROM (SELECT users.id AS users_id, users.username AS users_username, users.email AS users_email, users.full_name AS users_full_name, users.department AS users_department, users.`role` AS users_role, users.hashed_password AS users_hashed_password, users.is_active AS users_is_active, users.created_at AS users_created_at, users.updated_at AS users_updated_at 
FROM users) AS anon_1]
(Background on this error at: https://sqlalche.me/e/20/e3q8)
Traceback (most recent call last):
  File "/Users/sunguochao/Documents/Development/cursor/demo2/venv/lib/python3.10/site-packages/sqlalchemy/engine/base.py", line 1964, in _exec_single_context
    self.dialect.do_execute(
  File "/Users/sunguochao/Documents/Development/cursor/demo2/venv/lib/python3.10/site-packages/sqlalchemy/engine/default.py", line 942, in do_execute
    cursor.execute(statement, parameters)
  File "/Users/sunguochao/Documents/Development/cursor/demo2/venv/lib/python3.10/site-packages/pymysql/cursors.py", line 153, in execute
    result = self._query(query)
  File "/Users/sunguochao/Documents/Development/cursor/demo2/venv/lib/python3.10/site-packages/pymysql/cursors.py", line 322, in _query
    conn.query(q)
  File "/Users/sunguochao/Documents/Development/cursor/demo2/venv/lib/python3.10/site-packages/pymysql/connections.py", line 563, in query
    self._affected_rows = self._read_query_result(unbuffered=unbuffered)
  File "/Users/sunguochao/Documents/Development/cursor/demo2/venv/lib/python3.10/site-packages/pymysql/connections.py", line 825, in _read_query_result
    result.read()
  File "/Users/sunguochao/Documents/Development/cursor/demo2/venv/lib/python3.10/site-packages/pymysql/connections.py", line 1199, in read
    first_packet = self.connection._read_packet()
  File "/Users/sunguochao/Documents/Development/cursor/demo2/venv/lib/python3.10/site-packages/pymysql/connections.py", line 775, in _read_packet
    packet.raise_for_error()
  File "/Users/sunguochao/Documents/Development/cursor/demo2/venv/lib/python3.10/site-packages/pymysql/protocol.py", line 219, in raise_for_error
    err.raise_mysql_exception(self._data)
  File "/Users/sunguochao/Documents/Development/cursor/demo2/venv/lib/python3.10/site-packages/pymysql/err.py", line 150, in raise_mysql_exception
    raise errorclass(errno, errval)
pymysql.err.OperationalError: (1054, "Unknown column 'users.hashed_password' in 'field list'")

The above exception was the direct cause of the following exception:

Traceback (most recent call last):
  File "/Users/sunguochao/Documents/Development/cursor/demo2/backend/app/api/users.py", line 103, in search_users
    total = db_users.count()
  File "/Users/sunguochao/Documents/Development/cursor/demo2/venv/lib/python3.10/site-packages/sqlalchemy/orm/query.py", line 3147, in count
    self._legacy_from_self(col).enable_eagerloads(False).scalar()
  File "/Users/sunguochao/Documents/Development/cursor/demo2/venv/lib/python3.10/site-packages/sqlalchemy/orm/query.py", line 2836, in scalar
    ret = self.one()
  File "/Users/sunguochao/Documents/Development/cursor/demo2/venv/lib/python3.10/site-packages/sqlalchemy/orm/query.py", line 2809, in one
    return self._iter().one()  # type: ignore
  File "/Users/sunguochao/Documents/Development/cursor/demo2/venv/lib/python3.10/site-packages/sqlalchemy/orm/query.py", line 2858, in _iter
    result: Union[ScalarResult[_T], Result[_T]] = self.session.execute(
  File "/Users/sunguochao/Documents/Development/cursor/demo2/venv/lib/python3.10/site-packages/sqlalchemy/orm/session.py", line 2365, in execute
    return self._execute_internal(
  File "/Users/sunguochao/Documents/Development/cursor/demo2/venv/lib/python3.10/site-packages/sqlalchemy/orm/session.py", line 2251, in _execute_internal
    result: Result[Any] = compile_state_cls.orm_execute_statement(
  File "/Users/sunguochao/Documents/Development/cursor/demo2/venv/lib/python3.10/site-packages/sqlalchemy/orm/context.py", line 306, in orm_execute_statement
    result = conn.execute(
  File "/Users/sunguochao/Documents/Development/cursor/demo2/venv/lib/python3.10/site-packages/sqlalchemy/engine/base.py", line 1416, in execute
    return meth(
  File "/Users/sunguochao/Documents/Development/cursor/demo2/venv/lib/python3.10/site-packages/sqlalchemy/sql/elements.py", line 523, in _execute_on_connection
    return connection._execute_clauseelement(
  File "/Users/sunguochao/Documents/Development/cursor/demo2/venv/lib/python3.10/site-packages/sqlalchemy/engine/base.py", line 1638, in _execute_clauseelement
    ret = self._execute_context(
  File "/Users/sunguochao/Documents/Development/cursor/demo2/venv/lib/python3.10/site-packages/sqlalchemy/engine/base.py", line 1843, in _execute_context
    return self._exec_single_context(
  File "/Users/sunguochao/Documents/Development/cursor/demo2/venv/lib/python3.10/site-packages/sqlalchemy/engine/base.py", line 1983, in _exec_single_context
    self._handle_dbapi_exception(
  File "/Users/sunguochao/Documents/Development/cursor/demo2/venv/lib/python3.10/site-packages/sqlalchemy/engine/base.py", line 2352, in _handle_dbapi_exception
    raise sqlalchemy_exception.with_traceback(exc_info[2]) from e
  File "/Users/sunguochao/Documents/Development/cursor/demo2/venv/lib/python3.10/site-packages/sqlalchemy/engine/base.py", line 1964, in _exec_single_context
    self.dialect.do_execute(
  File "/Users/sunguochao/Documents/Development/cursor/demo2/venv/lib/python3.10/site-packages/sqlalchemy/engine/default.py", line 942, in do_execute
    cursor.execute(statement, parameters)
  File "/Users/sunguochao/Documents/Development/cursor/demo2/venv/lib/python3.10/site-packages/pymysql/cursors.py", line 153, in execute
    result = self._query(query)
  File "/Users/sunguochao/Documents/Development/cursor/demo2/venv/lib/python3.10/site-packages/pymysql/cursors.py", line 322, in _query
    conn.query(q)
  File "/Users/sunguochao/Documents/Development/cursor/demo2/venv/lib/python3.10/site-packages/pymysql/connections.py", line 563, in query
    self._affected_rows = self._read_query_result(unbuffered=unbuffered)
  File "/Users/sunguochao/Documents/Development/cursor/demo2/venv/lib/python3.10/site-packages/pymysql/connections.py", line 825, in _read_query_result
    result.read()
  File "/Users/sunguochao/Documents/Development/cursor/demo2/venv/lib/python3.10/site-packages/pymysql/connections.py", line 1199, in read
    first_packet = self.connection._read_packet()
  File "/Users/sunguochao/Documents/Development/cursor/demo2/venv/lib/python3.10/site-packages/pymysql/connections.py", line 775, in _read_packet
    packet.raise_for_error()
  File "/Users/sunguochao/Documents/Development/cursor/demo2/venv/lib/python3.10/site-packages/pymysql/protocol.py", line 219, in raise_for_error
    err.raise_mysql_exception(self._data)
  File "/Users/sunguochao/Documents/Development/cursor/demo2/venv/lib/python3.10/site-packages/pymysql/err.py", line 150, in raise_mysql_exception
    raise errorclass(errno, errval)
sqlalchemy.exc.OperationalError: (pymysql.err.OperationalError) (1054, "Unknown column 'users.hashed_password' in 'field list'")
[SQL: SELECT count(*) AS count_1 
FROM (SELECT users.id AS users_id, users.username AS users_username, users.email AS users_email, users.full_name AS users_full_name, users.department AS users_department, users.`role` AS users_role, users.hashed_password AS users_hashed_password, users.is_active AS users_is_active, users.created_at AS users_created_at, users.updated_at AS users_updated_at 
FROM users) AS anon_1]
(Background on this error at: https://sqlalche.me/e/20/e3q8)
2025-03-14 01:34:18,589 - users - INFO - Creating new user: testuser
2025-03-14 01:34:18,827 - users - INFO - User created successfully: 1
2025-03-14 01:34:19,311 - users - INFO - Creating new user: testuser
2025-03-14 01:34:19,810 - users - INFO - Creating new user: testuser2
2025-03-14 01:34:20,299 - users - INFO - Searching users with query: username=None email=None department=None role=None, skip: 0, limit: 10
2025-03-14 01:34:20,301 - users - INFO - Found 2 users out of 2 total matches
2025-03-14 01:34:20,788 - users - INFO - Searching users with query: username=None email=None department=IT role=None, skip: 0, limit: 10
2025-03-14 01:34:20,788 - users - DEBUG - Applying filters: [<sqlalchemy.sql.elements.BinaryExpression object at 0x1064d5390>]
2025-03-14 01:34:20,790 - users - INFO - Found 1 users out of 1 total matches
2025-03-14 01:34:21,273 - users - INFO - Fetching user with id: 2
2025-03-14 01:34:21,759 - users - INFO - Updating user: 2
2025-03-14 01:34:21,760 - users - INFO - User updated successfully: 2
2025-03-14 01:34:22,006 - users - INFO - Updating user: 999
2025-03-14 01:34:22,724 - users - INFO - Updating user: 3
2025-03-14 01:34:23,205 - users - INFO - Deleting user: 2
2025-03-14 01:34:23,208 - users - INFO - User deleted successfully: 2
2025-03-14 01:34:23,528 - users - INFO - Deleting user: 999
2025-03-14 01:50:27,505 - users - INFO - Searching users with query: username= email= department= role=, skip: 0, limit: 10
2025-03-14 01:50:27,510 - users - INFO - Found 2 users out of 2 total matches
2025-03-14 01:50:31,276 - users - INFO - Searching users with query: username= email= department= role=, skip: 0, limit: 10
2025-03-14 01:50:31,278 - users - INFO - Found 2 users out of 2 total matches
2025-03-14 01:50:41,466 - users - INFO - Searching users with query: username= email= department= role=, skip: 0, limit: 10
2025-03-14 01:50:41,471 - users - INFO - Found 2 users out of 2 total matches
2025-03-14 01:52:13,070 - users - INFO - Searching users with query: username= email= department= role=, skip: 0, limit: 10
2025-03-14 01:52:13,115 - users - INFO - Found 2 users out of 2 total matches
2025-03-14 01:52:20,983 - users - INFO - Searching users with query: username= email= department= role=, skip: 0, limit: 10
2025-03-14 01:52:21,047 - users - INFO - Found 2 users out of 2 total matches
2025-03-14 01:52:25,421 - users - INFO - Searching users with query: username= email= department= role=, skip: 0, limit: 10
2025-03-14 01:52:25,456 - users - INFO - Found 2 users out of 2 total matches
2025-03-14 01:54:33,316 - users - INFO - Searching users with query: username= email= department= role=, skip: 0, limit: 10
2025-03-14 01:54:33,364 - users - INFO - Found 2 users out of 2 total matches
2025-03-14 02:04:00,464 - users - INFO - Searching users with query: username= email= department= role=, skip: 0, limit: 10
2025-03-14 02:04:00,485 - users - INFO - Found 2 users out of 2 total matches
2025-03-14 02:05:30,009 - users - INFO - Searching users with query: username= email= department= role=, skip: 0, limit: 10
2025-03-14 02:05:30,049 - users - INFO - Found 2 users out of 2 total matches
2025-03-14 02:05:55,571 - users - INFO - Searching users with query: username= email= department= role=, skip: 0, limit: 10
2025-03-14 02:05:55,592 - users - INFO - Found 2 users out of 2 total matches
2025-03-14 02:06:01,690 - users - INFO - Searching users with query: username= email= department= role=, skip: 0, limit: 10
2025-03-14 02:06:01,693 - users - INFO - Found 2 users out of 2 total matches
2025-03-14 02:09:06,510 - users - INFO - Searching users with query: username= email= department= role=, skip: 0, limit: 10
2025-03-14 02:09:06,533 - users - INFO - Found 2 users out of 2 total matches
2025-03-14 02:09:36,570 - users - INFO - Searching users with query: username= email= department= role=, skip: 0, limit: 10
2025-03-14 02:09:36,603 - users - INFO - Found 2 users out of 2 total matches
2025-03-14 02:09:55,710 - users - INFO - Searching users with query: username= email= department= role=, skip: 0, limit: 10
2025-03-14 02:09:55,718 - users - INFO - Found 2 users out of 2 total matches
2025-03-14 02:10:24,752 - users - INFO - Searching users with query: username= email= department= role=, skip: 0, limit: 10
2025-03-14 02:10:24,774 - users - INFO - Found 2 users out of 2 total matches
2025-03-14 02:10:26,720 - users - INFO - Searching users with query: username= email= department= role=, skip: 0, limit: 10
2025-03-14 02:10:26,722 - users - INFO - Found 2 users out of 2 total matches
2025-03-14 02:10:28,160 - users - INFO - Searching users with query: username= email= department= role=, skip: 0, limit: 10
2025-03-14 02:10:28,165 - users - INFO - Found 2 users out of 2 total matches
2025-03-14 02:10:29,096 - users - INFO - Searching users with query: username= email= department= role=, skip: 0, limit: 10
2025-03-14 02:10:29,098 - users - INFO - Found 2 users out of 2 total matches
2025-03-14 02:10:34,538 - users - INFO - Searching users with query: username= email= department= role=, skip: 0, limit: 10
2025-03-14 02:10:34,544 - users - INFO - Found 2 users out of 2 total matches
2025-03-14 02:10:56,828 - users - INFO - Creating new user: ssssssssssss
2025-03-14 02:10:57,162 - users - INFO - User created successfully: 3
2025-03-14 02:10:57,264 - users - INFO - Searching users with query: username= email= department= role=, skip: 0, limit: 10
2025-03-14 02:10:57,272 - users - INFO - Found 3 users out of 3 total matches
2025-03-14 02:11:09,097 - users - INFO - Searching users with query: username= email= department= role=admin, skip: 0, limit: 10
2025-03-14 02:11:09,098 - users - DEBUG - Applying filters: [<sqlalchemy.sql.elements.BinaryExpression object at 0x109035c60>]
2025-03-14 02:11:09,132 - users - INFO - Found 2 users out of 2 total matches
2025-03-14 02:11:10,883 - users - INFO - Fetching user with id: 1
2025-03-14 02:11:14,731 - users - INFO - Searching users with query: username= email= department= role=, skip: 0, limit: 10
2025-03-14 02:11:14,750 - users - INFO - Found 3 users out of 3 total matches
2025-03-14 02:11:24,541 - users - INFO - Searching users with query: username= email= department= role=, skip: 0, limit: 10
2025-03-14 02:11:24,546 - users - INFO - Found 3 users out of 3 total matches
2025-03-14 02:11:27,794 - users - INFO - Fetching user with id: 1
2025-03-14 02:13:09,341 - users - INFO - Fetching user with id: 1
2025-03-14 02:13:26,100 - users - INFO - Fetching user with id: 1
2025-03-14 02:13:28,179 - users - INFO - Searching users with query: username= email= department= role=, skip: 0, limit: 10
2025-03-14 02:13:28,183 - users - INFO - Found 3 users out of 3 total matches
2025-03-14 02:14:39,177 - users - INFO - Creating new user: testuser
2025-03-14 02:14:39,418 - users - INFO - User created successfully: 1
2025-03-14 02:14:39,994 - users - INFO - Creating new user: testuser
2025-03-14 02:14:40,477 - users - INFO - Creating new user: testuser2
2025-03-14 02:14:40,963 - users - INFO - Searching users with query: username=None email=None department=None role=None, skip: 0, limit: 10
2025-03-14 02:14:40,965 - users - INFO - Found 2 users out of 2 total matches
2025-03-14 02:14:41,453 - users - INFO - Searching users with query: username=None email=None department=IT role=None, skip: 0, limit: 10
2025-03-14 02:14:41,453 - users - DEBUG - Applying filters: [<sqlalchemy.sql.elements.BinaryExpression object at 0x112d82b30>]
2025-03-14 02:14:41,455 - users - INFO - Found 1 users out of 1 total matches
2025-03-14 02:14:41,937 - users - INFO - Fetching user with id: 2
2025-03-14 02:14:42,423 - users - INFO - Updating user: 2
2025-03-14 02:14:42,424 - users - INFO - User updated successfully: 2
2025-03-14 02:14:42,669 - users - INFO - Updating user: 999
2025-03-14 02:14:43,395 - users - INFO - Updating user: 3
2025-03-14 02:14:43,879 - users - INFO - Deleting user: 2
2025-03-14 02:14:43,882 - users - INFO - User deleted successfully: 2
2025-03-14 02:14:44,126 - users - INFO - Deleting user: 999
